<?xml version="1.0" encoding="UTF-8"?>
<!-- Generated by org.testng.reporters.JUnitReportReporter -->
<testsuite skipped="0" hostname="DESKTOP-9P1MDVM" name="properties_file.Property_data1" tests="1" failures="0" timestamp="24 Oct 2020 19:41:07 GMT" time="0.063" errors="0">
  <testcase name="test1" time="0.063" classname="properties_file.Property_data1"/>
</testsuite> <!-- properties_file.Property_data1 -->
