<?xml version="1.0" encoding="UTF-8"?>
<!-- Generated by org.testng.reporters.JUnitReportReporter -->
<testsuite skipped="0" hostname="DESKTOP-9P1MDVM" name="skips_with_invocationCount.TC1" tests="1" failures="0" timestamp="24 Oct 2020 17:53:27 GMT" time="0.080" errors="0">
  <testcase name="test1" time="0.080" classname="skips_with_invocationCount.TC1"/>
</testsuite> <!-- skips_with_invocationCount.TC1 -->
