<?xml version="1.0" encoding="UTF-8"?>
<!-- Generated by org.testng.reporters.JUnitReportReporter -->
<testsuite skipped="0" hostname="DESKTOP-9P1MDVM" name="log4j.Demo2" tests="1" failures="0" timestamp="23 Oct 2020 20:20:32 GMT" time="0.239" errors="0">
  <testcase name="test1" time="0.239" classname="log4j.Demo2"/>
</testsuite> <!-- log4j.Demo2 -->
