<?xml version="1.0" encoding="UTF-8"?>
<!-- Generated by org.testng.reporters.JUnitReportReporter -->
<testsuite skipped="0" hostname="DESKTOP-9P1MDVM" name="properties_file.Property_datas" tests="1" failures="0" timestamp="24 Oct 2020 17:09:34 GMT" time="0.115" errors="0">
  <testcase name="test1" time="0.115" classname="properties_file.Property_datas"/>
</testsuite> <!-- properties_file.Property_datas -->
